Sat Jun 19 22:05:58 CST 2021  [debug] AvalonLogSystem initialized using logfile 'D:\Workspaces\.metadata\.plugins\com.genuitec.eclipse.templates\velocity.log'
Sat Jun 19 22:05:58 CST 2021   [info] ************************************************************** 
Sat Jun 19 22:05:58 CST 2021   [info] Starting Jakarta Velocity v1.4
Sat Jun 19 22:05:58 CST 2021   [info] RuntimeInstance initializing.
Sat Jun 19 22:05:58 CST 2021   [info] Default Properties File: org\apache\velocity\runtime\defaults\velocity.properties
Sat Jun 19 22:05:58 CST 2021   [info] Trying to use logger class org.apache.velocity.runtime.log.AvalonLogSystem
Sat Jun 19 22:05:58 CST 2021   [info] Using logger class org.apache.velocity.runtime.log.AvalonLogSystem
Sat Jun 19 22:05:58 CST 2021   [info] Default ResourceManager initializing. (class org.apache.velocity.runtime.resource.ResourceManagerImpl)
Sat Jun 19 22:05:58 CST 2021   [info] Resource Loader Instantiated: com.genuitec.eclipse.templates.internal.PluginResourceLoader
Sat Jun 19 22:05:58 CST 2021   [info] ResourceCache : initialized. (class org.apache.velocity.runtime.resource.ResourceCacheImpl)
Sat Jun 19 22:05:58 CST 2021   [info] Default ResourceManager initialization complete.
Sat Jun 19 22:05:58 CST 2021   [info] Loaded System Directive: org.apache.velocity.runtime.directive.Literal
Sat Jun 19 22:05:58 CST 2021   [info] Loaded System Directive: org.apache.velocity.runtime.directive.Macro
Sat Jun 19 22:05:58 CST 2021   [info] Loaded System Directive: org.apache.velocity.runtime.directive.Parse
Sat Jun 19 22:05:58 CST 2021   [info] Loaded System Directive: org.apache.velocity.runtime.directive.Include
Sat Jun 19 22:05:58 CST 2021   [info] Loaded System Directive: org.apache.velocity.runtime.directive.Foreach
Sat Jun 19 22:05:58 CST 2021   [info] Created: 20 parsers.
Sat Jun 19 22:05:58 CST 2021   [info] Velocimacro : initialization starting.
Sat Jun 19 22:05:58 CST 2021   [info] Velocimacro : adding VMs from VM library template : VM_global_library.vm
Sat Jun 19 22:05:58 CST 2021  [error] ResourceManager : unable to find resource 'VM_global_library.vm' in any resource loader.
Sat Jun 19 22:05:58 CST 2021   [info] Velocimacro : error using  VM library template VM_global_library.vm : org.apache.velocity.exception.ResourceNotFoundException: Unable to find resource 'VM_global_library.vm'
Sat Jun 19 22:05:58 CST 2021   [info] Velocimacro :  VM library template macro registration complete.
Sat Jun 19 22:05:58 CST 2021   [info] Velocimacro : allowInline = true : VMs can be defined inline in templates
Sat Jun 19 22:05:58 CST 2021   [info] Velocimacro : allowInlineToOverride = true : VMs defined inline may replace previous VM definitions
Sat Jun 19 22:05:58 CST 2021   [info] Velocimacro : allowInlineLocal = true : VMs defined inline will be local to their defining template only.
Sat Jun 19 22:05:58 CST 2021   [info] Velocimacro : messages on  : VM system will output logging messages
Sat Jun 19 22:05:58 CST 2021   [info] Velocimacro : autoload off  : VM system will not automatically reload global library macros
Sat Jun 19 22:05:58 CST 2021   [info] Velocimacro : initialization complete.
Sat Jun 19 22:05:58 CST 2021   [info] Velocity successfully started.
Sat Jun 19 22:05:58 CST 2021   [info] ResourceManager : found templates/web.xml.vm with loader com.genuitec.eclipse.templates.internal.PluginResourceLoader
Sat Jun 19 22:05:58 CST 2021   [info] ResourceManager : found /templates/velocity/welcome/Jsp.vtl with loader com.genuitec.eclipse.templates.internal.PluginResourceLoader
